UclustConsensusTaxonAssigner parameters:
id_to_taxonomy_filepath:/Users/Alex/databases/SILVA_128_QIIME_release/taxonomy/16S_only/97/majority_taxonomy_7_levels.txt
id_to_taxonomy_fp:/Users/Alex/databases/SILVA_128_QIIME_release/taxonomy/16S_only/97/majority_taxonomy_7_levels.txt
max_accepts:3
min_consensus_fraction:0.51
reference_sequences_fp:/Users/Alex/databases/SILVA_128_QIIME_release/rep_set/rep_set_16S_only/97/97_otus_16S.fasta
similarity:0.9
unassignable_label:Unassigned
Result path: /var/folders/56/65_b_crs0cxdp5wz605zn4hw0000gn/T/assign-taxu_gUKf

.uc file contents:

# uclust --input 3-soils_otus/2-otus97.fasta --id 0.9 --rev --maxaccepts 3 --allhits --libonly --lib /Users/Alex/databases/SILVA_128_QIIME_release/rep_set/rep_set_16S_only/97/97_otus_16S.fasta --uc /var/folders/56/65_b_crs0cxdp5wz605zn4hw0000gn/T/UclustConsensusTaxonAssigner_5XjErs.uc
# version=1.2.22
# Tab-separated fields:
# 1=Type, 2=ClusterNr, 3=SeqLength or ClusterSize, 4=PctId, 5=Strand, 6=QueryStart, 7=SeedStart, 8=Alignment, 9=QueryLabel, 10=TargetLabel
# Record types (field 1): L=LibSeed, S=NewSeed, H=Hit, R=Reject, D=LibCluster, C=NewCluster, N=NoHit
# For C and D types, PctId is average id with seed.
# QueryStart and SeedStart are zero-based relative to start of sequence.
# If minus strand, SeedStart is relative to reverse-complemented seed.
L	14773	1360	*	*	*	*	*	GU230601.1.1360	*
H	14773	470	98.9	+	0	0	312I470M578I	OTU1	GU230601.1.1360
L	4566	1374	*	*	*	*	*	FR821522.1.1374	*
H	4566	470	98.1	+	0	0	341I470M563I	OTU1	FR821522.1.1374
L	92805	1478	*	*	*	*	*	GQ356105.1.1478	*
H	92805	470	96.2	+	0	0	341I470M667I	OTU1	GQ356105.1.1478
N	*	476	*	*	*	*	*	OTU2	*
L	2024	1471	*	*	*	*	*	FM992882.1.1471	*
H	2024	264	99.6	+	0	0	535I264M672I	OTU3	FM992882.1.1471
L	25036	1388	*	*	*	*	*	HQ163732.1.1388	*
H	25036	264	98.9	+	0	0	557I264M567I	OTU3	HQ163732.1.1388
L	111500	1514	*	*	*	*	*	EU478647.1.2172	*
H	111500	264	98.1	+	0	0	540I264M710I	OTU3	EU478647.1.2172
H	92805	470	95.5	+	0	0	341I470M667I	OTU4	GQ356105.1.1478
L	92078	1516	*	*	*	*	*	AB524907.1.1516	*
H	92078	470	94.0	+	0	0	377I470M669I	OTU4	AB524907.1.1516
L	92077	1495	*	*	*	*	*	AB524902.1.1495	*
H	92077	470	94.0	+	0	0	357I470M668I	OTU4	AB524902.1.1495
H	92077	478	96.0	+	0	0	356I478M661I	OTU5	AB524902.1.1495
H	92078	478	96.0	+	0	0	376I478M662I	OTU5	AB524907.1.1516
L	56909	1485	*	*	*	*	*	AB054007.1.1485	*
H	56909	478	95.8	+	0	0	346I478M661I	OTU5	AB054007.1.1485
L	85175	1491	*	*	*	*	*	KX027318.1.1491	*
H	85175	478	100.0	+	0	0	345I478M668I	OTU6	KX027318.1.1491
H	56909	478	100.0	+	0	0	346I478M661I	OTU6	AB054007.1.1485
L	2058	1414	*	*	*	*	*	FM998977.1.1414	*
H	2058	478	98.7	+	0	0	242I17MD74MI386M694I	OTU6	FM998977.1.1414
L	87386	1386	*	*	*	*	*	AB281489.1.1386	*
H	87386	264	99.2	+	0	0	542I186MD77M581I	OTU7	AB281489.1.1386
L	2023	1467	*	*	*	*	*	FM992880.1.1467	*
H	2023	264	98.5	+	0	0	536I264M667I	OTU7	FM992880.1.1467
L	92645	1385	*	*	*	*	*	AB573103.1.1385	*
H	92645	264	97.7	+	0	0	541I186MD77M581I	OTU7	AB573103.1.1385
L	101783	1278	*	*	*	*	*	AJ390449.1.1278	*
H	101783	472	91.3	+	0	0	289I389MI83M516I	OTU8	AJ390449.1.1278
L	7480	1529	*	*	*	*	*	GQ175285.1.1545	*
H	7480	470	95.3	+	0	0	354I470M705I	OTU9	GQ175285.1.1545
H	56909	470	95.7	+	0	0	347I470M668I	OTU9	AB054007.1.1485
H	85175	470	95.7	+	0	0	346I470M675I	OTU9	KX027318.1.1491
L	20136	1458	*	*	*	*	*	EA286903.1.1458	*
H	20136	400	99.0	+	0	0	182I400M876I	OTU10	EA286903.1.1458
L	161812	1487	*	*	*	*	*	FJ529994.1.1487	*
H	161812	400	98.5	+	0	0	202I400M885I	OTU10	FJ529994.1.1487
L	161803	1486	*	*	*	*	*	FJ529965.1.1486	*
H	161803	400	98.5	+	0	0	202I400M884I	OTU10	FJ529965.1.1486
L	158913	1401	*	*	*	*	*	FJ208847.1.1401	*
H	158913	462	96.8	+	0	0	368I462M571I	OTU11	FJ208847.1.1401
L	100229	1406	*	*	*	*	*	FJ208800.1.1406	*
H	100229	462	96.8	+	0	0	368I462M576I	OTU11	FJ208800.1.1406
H	92078	462	95.2	+	0	0	390I381MI81M663I	OTU11	AB524907.1.1516
L	77352	1472	*	*	*	*	*	KM205506.1.1472	*
H	77352	472	91.9	+	0	0	341I472M659I	OTU12	KM205506.1.1472
L	73114	1385	*	*	*	*	*	KF963730.1.1386	*
H	73114	472	90.7	+	0	0	360I472M553I	OTU12	KF963730.1.1386
L	8354	1511	*	*	*	*	*	HQ190268.1.1518	*
H	8354	472	91.1	+	0	0	360I472M679I	OTU12	HQ190268.1.1518
L	90191	1287	*	*	*	*	*	AB358985.1.1287	*
H	90191	477	98.1	+	0	0	290I274M2I55MI57MI30MI61M515I	OTU13	AB358985.1.1287
L	85576	1434	*	*	*	*	*	AB264123.1.1434	*
H	85576	477	99.4	+	0	0	369I71MI61MI109M2I27MI102MI63MI44M581I	OTU13	AB264123.1.1434
H	158913	477	92.7	+	0	0	354I477M570I	OTU13	FJ208847.1.1401
H	77352	472	91.3	+	0	0	341I472M659I	OTU14	KM205506.1.1472
H	73114	472	92.4	+	0	0	360I472M553I	OTU14	KF963730.1.1386
L	31051	1510	*	*	*	*	*	HQ910315.1.1510	*
H	31051	472	90.5	+	0	0	358I472M680I	OTU14	HQ910315.1.1510
H	7480	470	95.3	+	0	0	354I470M705I	OTU15	GQ175285.1.1545
H	92077	470	94.3	+	0	0	357I470M668I	OTU15	AB524902.1.1495
H	92078	470	94.3	+	0	0	377I470M669I	OTU15	AB524907.1.1516
H	92077	478	95.2	+	0	0	357I478M660I	OTU16	AB524902.1.1495
H	92078	478	95.2	+	0	0	377I478M661I	OTU16	AB524907.1.1516
H	85175	478	95.6	+	0	0	346I478M667I	OTU16	KX027318.1.1491
N	*	431	*	*	*	*	*	OTU17	*
H	4566	478	94.1	+	0	0	340I215MI13MD57MI114MD77M556I	OTU18	FR821522.1.1374
L	56898	1503	*	*	*	*	*	AB054006.1.1503	*
H	56898	478	93.1	+	0	0	356I214MI14MD57MI114MD77M669I	OTU18	AB054006.1.1503
L	66514	1555	*	*	*	*	*	AB176696.1.1555	*
H	66514	478	94.1	+	0	0	396I215MI13MD57MI114MD77M681I	OTU18	AB176696.1.1555
N	*	475	*	*	*	*	*	OTU19	*
N	*	472	*	*	*	*	*	OTU20	*
L	106492	1393	*	*	*	*	*	AY114318.1.1393	*
H	106492	472	93.2	+	0	0	270I157MI315M650I	OTU21	AY114318.1.1393
H	77352	472	90.9	+	0	0	341I472M659I	OTU21	KM205506.1.1472
L	30997	1449	*	*	*	*	*	HQ904105.1.1449	*
H	30997	472	90.9	+	0	0	360I260M2I25MI187M614I	OTU21	HQ904105.1.1449
N	*	471	*	*	*	*	*	OTU22	*
H	77352	472	90.5	+	0	0	341I472M659I	OTU23	KM205506.1.1472
H	77352	472	91.1	+	0	0	341I472M659I	OTU24	KM205506.1.1472
H	8354	472	90.7	+	0	0	360I472M679I	OTU24	HQ190268.1.1518
H	106492	472	90.5	+	0	0	270I156MI316M650I	OTU24	AY114318.1.1393
L	120868	1467	*	*	*	*	*	DQ676386.1.1467	*
H	120868	476	91.4	+	0	0	349I476M642I	OTU25	DQ676386.1.1467
L	160226	1511	*	*	*	*	*	FJ437848.1.1511	*
H	160226	476	90.8	+	0	0	360I476M675I	OTU25	FJ437848.1.1511
H	8354	472	90.3	+	0	0	360I472M679I	OTU26	HQ190268.1.1518
H	31051	472	90.9	+	0	0	358I472M680I	OTU26	HQ910315.1.1510
H	77352	472	90.3	+	0	0	341I472M659I	OTU27	KM205506.1.1472
H	106492	472	90.5	+	0	0	270I157MI315M650I	OTU27	AY114318.1.1393
N	*	471	*	*	*	*	*	OTU28	*
N	*	476	*	*	*	*	*	OTU29	*
N	*	475	*	*	*	*	*	OTU30	*
N	*	475	*	*	*	*	*	OTU31	*
L	157508	1508	*	*	*	*	*	EU979080.1.1509	*
H	157508	472	94.1	+	0	0	358I374MD97M679I	OTU32	EU979080.1.1509
L	24465	1401	*	*	*	*	*	HQ120337.1.1406	*
H	24465	472	94.7	+	0	0	358I472M571I	OTU32	HQ120337.1.1406
L	78448	1467	*	*	*	*	*	KM456132.1.1467	*
H	78448	472	90.9	+	0	0	338I472M657I	OTU32	KM456132.1.1467
H	77352	472	94.7	+	0	0	341I472M659I	OTU33	KM205506.1.1472
H	24465	472	91.7	+	0	0	358I472M571I	OTU33	HQ120337.1.1406
L	25358	1506	*	*	*	*	*	HQ190359.1.1508	*
H	25358	472	91.9	+	0	0	359I472M675I	OTU33	HQ190359.1.1508
L	49880	1501	*	*	*	*	*	AB000700.1.1501	*
H	49880	438	94.5	+	0	0	206I438M857I	OTU34	AB000700.1.1501
L	58639	1500	*	*	*	*	*	JX271942.1.1504	*
H	58639	438	91.6	+	0	0	206I438M856I	OTU34	JX271942.1.1504
L	108596	1499	*	*	*	*	*	AY026313.1.1499	*
H	108596	438	96.8	+	0	0	186I438M875I	OTU34	AY026313.1.1499
H	101783	432	95.8	+	0	0	307I184MI248M538I	OTU35	AJ390449.1.1278
H	101783	432	97.9	+	0	0	307I372MI60M538I	OTU36	AJ390449.1.1278
H	30997	432	90.0	+	0	0	378I241M2I26MI165M636I	OTU37	HQ904105.1.1449
H	73114	432	90.0	+	0	0	378I432M575I	OTU37	KF963730.1.1386
H	8354	432	90.0	+	0	0	378I432M701I	OTU38	HQ190268.1.1518
N	*	431	*	*	*	*	*	OTU39	*
N	*	434	*	*	*	*	*	OTU40	*
L	25915	1395	*	*	*	*	*	HQ330562.1.1395	*
H	25915	436	94.0	+	0	0	318I436M641I	OTU41	HQ330562.1.1395
H	120868	436	93.8	+	0	0	367I436M664I	OTU41	DQ676386.1.1467
H	160226	436	93.1	+	0	0	378I436M697I	OTU41	FJ437848.1.1511
L	70081	1393	*	*	*	*	*	KF616649.1.1393	*
H	70081	434	93.5	+	0	0	370I434M589I	OTU42	KF616649.1.1393
L	46584	1541	*	*	*	*	*	JN977341.1.1553	*
H	46584	434	93.8	+	0	0	390I434M717I	OTU42	JN977341.1.1553
L	43759	1304	*	*	*	*	*	JN538379.1.1304	*
H	43759	434	91.2	+	0	0	380I434M490I	OTU42	JN538379.1.1304
N	*	435	*	*	*	*	*	OTU43	*
L	161885	1493	*	*	*	*	*	FJ535095.1.1502	*
H	161885	433	91.5	+	0	0	392I81MI141MI211M666I	OTU44	FJ535095.1.1502
H	25358	432	92.6	+	0	0	377I432M697I	OTU45	HQ190359.1.1508
H	77352	432	93.1	+	0	0	359I432M681I	OTU45	KM205506.1.1472
L	85080	1526	*	*	*	*	*	KU868084.1.1541	*
H	85080	432	90.5	+	0	0	378I432M716I	OTU45	KU868084.1.1541
L	20472	1462	*	*	*	*	*	HM187166.1.1462	*
H	20472	435	93.1	+	0	0	351I72MI363M675I	OTU46	HM187166.1.1462
H	4566	477	97.1	+	0	0	340I395MI82M556I	OTU47	FR821522.1.1374
H	66514	477	93.1	+	0	0	396I395MI82M681I	OTU47	AB176696.1.1555
H	56898	477	92.9	+	0	0	356I395MI82M669I	OTU47	AB054006.1.1503
N	*	225	*	*	*	*	*	OTU48	*
H	25036	223	97.8	+	0	0	577I131M3I42MI50M584I	OTU49	HQ163732.1.1388
L	132868	1498	*	*	*	*	*	EF602038.1.1514	*
H	132868	223	97.8	+	0	0	541I82MI17MI26M3I48MI50M728I	OTU49	EF602038.1.1514
H	2024	223	96.4	+	0	0	555I131M3I42MI50M689I	OTU49	FM992882.1.1471
H	132868	228	96.1	+	0	0	541I82MI17MI80MD48M728I	OTU50	EF602038.1.1514
H	25036	228	95.6	+	0	0	577I179MD48M584I	OTU50	HQ163732.1.1388
H	2024	228	94.3	+	0	0	555I179MD48M689I	OTU50	FM992882.1.1471
N	*	477	*	*	*	*	*	OTU51	*
L	105148	1379	*	*	*	*	*	AM936894.1.1379	*
H	105148	477	91.2	+	0	0	350I91MD302MD82M554I	OTU52	AM936894.1.1379
H	77352	472	92.4	+	0	0	341I472M659I	OTU53	KM205506.1.1472
H	25358	472	92.2	+	0	0	359I472M675I	OTU53	HQ190359.1.1508
H	8354	472	92.6	+	0	0	360I472M679I	OTU53	HQ190268.1.1518
N	*	472	*	*	*	*	*	OTU54	*
N	*	472	*	*	*	*	*	OTU55	*
N	*	471	*	*	*	*	*	OTU56	*
N	*	470	*	*	*	*	*	OTU57	*
L	95523	1470	*	*	*	*	*	AB754051.1.1470	*
H	95523	477	90.8	+	0	0	340I477M653I	OTU58	AB754051.1.1470
L	20985	1512	*	*	*	*	*	HM243847.1.1512	*
H	20985	477	90.6	+	0	0	360I477M675I	OTU58	HM243847.1.1512
L	80630	1502	*	*	*	*	*	KP636092.1.1502	*
H	80630	477	90.6	+	0	0	340I477M685I	OTU58	KP636092.1.1502
L	99448	1499	*	*	*	*	*	HQ843684.1.1499	*
H	99448	400	97.0	+	0	0	201I400M898I	OTU59	HQ843684.1.1499
L	22626	1264	*	*	*	*	*	HM446363.1.1264	*
H	22626	400	96.2	+	0	0	204I19MI5MI376M658I	OTU59	HM446363.1.1264
L	118956	1498	*	*	*	*	*	JQ766319.1.1498	*
H	118956	400	95.2	+	0	0	201I400M897I	OTU59	JQ766319.1.1498
L	38963	1431	*	*	*	*	*	JN412733.1.1431	*
H	38963	432	93.1	+	0	0	343I340M3I92M653I	OTU60	JN412733.1.1431
L	46603	1548	*	*	*	*	*	JN977392.1.1559	*
H	46603	432	90.0	+	0	0	389I340M3I92M724I	OTU60	JN977392.1.1559
L	47637	1379	*	*	*	*	*	JQ199134.1.1379	*
H	47637	432	92.1	+	0	0	368I340M3I92M576I	OTU60	JQ199134.1.1379
L	70493	1508	*	*	*	*	*	KF712639.1.1508	*
H	70493	434	98.4	+	0	0	372I434M702I	OTU61	KF712639.1.1508
L	136936	1373	*	*	*	*	*	EU135143.1.1373	*
H	136936	434	94.0	+	0	0	352I434M587I	OTU61	EU135143.1.1373
L	33383	1384	*	*	*	*	*	JF241419.1.1384	*
H	33383	434	90.6	+	0	0	370I73M2I169MI192M577I	OTU62	JF241419.1.1384
L	135917	1370	*	*	*	*	*	EU133899.1.1370	*
H	135917	432	93.8	+	0	0	358I432M580I	OTU63	EU133899.1.1370
H	31051	432	92.8	+	0	0	376I432M702I	OTU63	HQ910315.1.1510
H	78448	432	92.1	+	0	0	356I432M679I	OTU63	KM456132.1.1467
L	95146	1407	*	*	*	*	*	AB722118.1.1407	*
H	95146	435	93.6	+	0	0	387I435M585I	OTU64	AB722118.1.1407
H	47637	435	93.6	+	0	0	368I435M576I	OTU64	JQ199134.1.1379
H	38963	435	93.1	+	0	0	343I435M653I	OTU64	JN412733.1.1431
N	*	436	*	*	*	*	*	OTU65	*
H	2023	437	97.3	+	0	0	346I437M684I	OTU66	FM992880.1.1467
H	87386	437	95.9	+	0	0	352I376MD60M598I	OTU66	AB281489.1.1386
H	92645	437	95.4	+	0	0	350I181MI195MD60M598I	OTU66	AB573103.1.1385
H	4566	437	94.3	+	0	0	359I437M578I	OTU67	FR821522.1.1374
H	92078	437	94.3	+	0	0	395I437M684I	OTU67	AB524907.1.1516
H	92077	437	94.3	+	0	0	375I437M683I	OTU67	AB524902.1.1495
L	161122	1355	*	*	*	*	*	FJ484765.1.1355	*
H	161122	434	97.0	+	0	0	307I123MI311M613I	OTU68	FJ484765.1.1355
L	101780	1357	*	*	*	*	*	AJ390447.1.1357	*
H	101780	434	95.4	+	0	0	301I123MI311M621I	OTU68	AJ390447.1.1357
L	94268	1478	*	*	*	*	*	AB672177.1.1478	*
H	94268	434	94.7	+	0	0	370I123MI311M673I	OTU68	AB672177.1.1478
H	161122	436	91.3	+	0	0	307I78MD357M613I	OTU69	FJ484765.1.1355
N	*	431	*	*	*	*	*	OTU70	*
N	*	431	*	*	*	*	*	OTU71	*
L	157430	1435	*	*	*	*	*	EU937932.1.1435	*
H	157430	434	91.2	+	0	0	356I376MI58M644I	OTU72	EU937932.1.1435
L	126836	1391	*	*	*	*	*	EF018499.1.1391	*
H	126836	434	91.7	+	0	0	375I434M582I	OTU72	EF018499.1.1391
L	89679	1468	*	*	*	*	*	AB294344.1.1468	*
H	89679	434	90.8	+	0	0	356I434M678I	OTU72	AB294344.1.1468
N	*	226	*	*	*	*	*	OTU73	*
L	88636	1389	*	*	*	*	*	LN614632.1.1389	*
H	88636	227	97.4	+	0	0	494I227M668I	OTU74	LN614632.1.1389
L	82009	1442	*	*	*	*	*	KR088694.1.1442	*
H	82009	227	92.1	+	0	0	477I210M4I17M734I	OTU74	KR088694.1.1442
L	99879	1354	*	*	*	*	*	KF102748.1.1354	*
H	99879	227	97.4	+	0	0	536I227M591I	OTU74	KF102748.1.1354
N	*	432	*	*	*	*	*	OTU75	*
H	31051	432	96.5	+	0	0	376I432M702I	OTU76	HQ910315.1.1510
L	60044	1256	*	*	*	*	*	JX523895.1.1256	*
H	60044	432	93.5	+	0	0	310I432M514I	OTU76	JX523895.1.1256
H	8354	432	93.3	+	0	0	378I432M701I	OTU76	HQ190268.1.1518
L	13824	1519	*	*	*	*	*	GU145499.1.1519	*
H	13824	434	90.8	+	0	0	389I434M696I	OTU77	GU145499.1.1519
L	139948	1518	*	*	*	*	*	EU373988.1.1519	*
H	139948	434	90.6	+	0	0	389I196MI81MD134MI22M694I	OTU77	EU373988.1.1519
L	25925	1407	*	*	*	*	*	HQ330584.1.1407	*
H	25925	434	90.3	+	0	0	330I98MI336M642I	OTU77	HQ330584.1.1407
H	94268	435	97.5	+	0	0	370I435M673I	OTU78	AB672177.1.1478
L	87418	1388	*	*	*	*	*	LN563853.1.1388	*
H	87418	435	93.1	+	0	0	369I86MD348M585I	OTU78	LN563853.1.1388
H	101780	435	93.6	+	0	0	301I435M621I	OTU78	AJ390447.1.1357
L	24186	1493	*	*	*	*	*	HQ114187.1.1493	*
H	24186	436	90.4	+	0	0	380I436M677I	OTU79	HQ114187.1.1493
N	*	472	*	*	*	*	*	OTU80	*
N	*	473	*	*	*	*	*	OTU81	*
H	31051	472	90.0	+	0	0	358I472M680I	OTU82	HQ910315.1.1510
H	106492	472	90.3	+	0	0	270I156MI316M650I	OTU82	AY114318.1.1393
L	71380	1400	*	*	*	*	*	KF827382.1.1400	*
H	71380	477	91.4	+	0	0	338I98M3D17MD343MI15M588I	OTU83	KF827382.1.1400
L	74717	1503	*	*	*	*	*	KJ569687.1.1503	*
H	74717	210	90.0	+	0	0	437I210M856I	OTU84	KJ569687.1.1503
H	56909	436	95.2	+	0	0	365I376MI60M683I	OTU85	AB054007.1.1485
H	85175	436	95.2	+	0	0	364I376MI60M690I	OTU85	KX027318.1.1491
H	2058	436	94.5	+	0	0	260I75MI301MI60M716I	OTU85	FM998977.1.1414
L	120809	1443	*	*	*	*	*	DQ676300.1.1443	*
H	120809	436	90.4	+	0	0	347I436M660I	OTU86	DQ676300.1.1443
H	160226	436	91.7	+	0	0	378I436M697I	OTU86	FJ437848.1.1511
L	63095	1286	*	*	*	*	*	KC358067.1.1286	*
H	63095	436	90.4	+	0	0	293I436M557I	OTU86	KC358067.1.1286
L	11891	1507	*	*	*	*	*	GQ500715.1.1507	*
H	11891	434	90.6	+	0	0	376I434M697I	OTU87	GQ500715.1.1507
L	22590	1362	*	*	*	*	*	HM445566.1.1362	*
H	22590	434	91.5	+	0	0	334I343MI91M593I	OTU87	HM445566.1.1362
L	94163	1467	*	*	*	*	*	AB661600.1.1467	*
H	94163	434	92.6	+	0	0	356I434M677I	OTU87	AB661600.1.1467
L	85915	1550	*	*	*	*	*	AB269932.1.1550	*
H	85915	177	99.4	+	0	0	877I177M496I	OTU88	AB269932.1.1550
L	87375	1411	*	*	*	*	*	AB281488.1.1411	*
H	87375	177	97.2	+	0	0	842I141MI36M391I	OTU88	AB281488.1.1411
H	56898	177	97.7	+	0	0	840I177M486I	OTU88	AB054006.1.1503
H	47637	435	92.6	+	0	0	368I435M576I	OTU89	JQ199134.1.1379
H	46603	435	90.3	+	0	0	389I435M724I	OTU89	JN977392.1.1559
H	95146	435	92.2	+	0	0	387I435M585I	OTU89	AB722118.1.1407
L	53185	1480	*	*	*	*	*	JQ817170.1.1480	*
H	53185	435	91.5	+	0	0	363I435M682I	OTU90	JQ817170.1.1480
L	140254	1479	*	*	*	*	*	EU385777.1.1479	*
H	140254	435	90.1	+	0	0	362I435M682I	OTU90	EU385777.1.1479
L	164756	1482	*	*	*	*	*	FJ746242.1.1482	*
H	164756	435	90.1	+	0	0	365I435M682I	OTU90	FJ746242.1.1482
L	12799	1478	*	*	*	*	*	GQ994777.1.1478	*
H	12799	436	94.0	+	0	0	346I436M696I	OTU91	GQ994777.1.1478
L	80783	1511	*	*	*	*	*	KP687206.1.1516	*
H	80783	436	93.1	+	0	0	378I436M697I	OTU91	KP687206.1.1516
H	120809	436	90.8	+	0	0	347I436M660I	OTU91	DQ676300.1.1443
L	78403	1414	*	*	*	*	*	KM454341.1.1415	*
H	78403	435	94.3	+	0	0	386I301MI134M592I	OTU92	KM454341.1.1415
L	28446	1523	*	*	*	*	*	HQ697688.1.1523	*
H	28446	435	92.9	+	0	0	387I301MI134M700I	OTU92	HQ697688.1.1523
L	59596	1542	*	*	*	*	*	JX504427.1.1554	*
H	59596	435	91.7	+	0	0	388I301M2I123MI11M716I	OTU92	JX504427.1.1554
L	80622	1502	*	*	*	*	*	KP636054.1.1502	*
H	80622	436	91.1	+	0	0	358I436M708I	OTU93	KP636054.1.1502
H	120868	436	94.3	+	0	0	367I436M664I	OTU93	DQ676386.1.1467
H	160226	436	94.0	+	0	0	378I436M697I	OTU93	FJ437848.1.1511
H	4566	478	95.6	+	0	0	340I478M556I	OTU94	FR821522.1.1374
H	14773	478	93.9	+	0	0	311I478M571I	OTU94	GU230601.1.1360
H	66514	478	91.4	+	0	0	396I478M681I	OTU94	AB176696.1.1555
H	66514	477	93.1	+	0	0	396I395MI82M681I	OTU95	AB176696.1.1555
H	7480	477	93.9	+	0	0	353I395MI82M698I	OTU95	GQ175285.1.1545
L	164192	1511	*	*	*	*	*	FJ710633.1.1511	*
H	164192	477	93.9	+	0	0	358I395MI82M675I	OTU95	FJ710633.1.1511
L	38027	1499	*	*	*	*	*	JN217064.1.1499	*
H	38027	442	91.0	+	0	0	200I442M857I	OTU96	JN217064.1.1499
L	99146	1520	*	*	*	*	*	AF272425.1.1520	*
H	99146	442	95.2	+	0	0	200I442M878I	OTU96	AF272425.1.1520
L	125934	1421	*	*	*	*	*	DQ837262.1.1421	*
H	125934	442	91.2	+	0	0	160I442M819I	OTU96	DQ837262.1.1421
L	125919	1461	*	*	*	*	*	DQ837238.1.1461	*
H	125919	477	93.3	+	0	0	354I86MD24MD282MD82M633I	OTU97	DQ837238.1.1461
L	19323	1542	*	*	*	*	*	HM066537.1.1551	*
H	19323	477	91.0	+	0	0	388I85MD25MD282MD82M680I	OTU97	HM066537.1.1551
L	76508	1533	*	*	*	*	*	KM018451.1.1534	*
H	76508	477	90.4	+	0	0	388I85MD25MD282MD82M671I	OTU97	KM018451.1.1534
N	*	477	*	*	*	*	*	OTU98	*
L	165418	1513	*	*	*	*	*	FJ810567.1.1513	*
H	165418	476	94.1	+	0	0	360I476M677I	OTU99	FJ810567.1.1513
H	120868	476	91.2	+	0	0	349I476M642I	OTU99	DQ676386.1.1467
L	94129	1410	*	*	*	*	*	AB661532.1.1410	*
H	94129	476	92.9	+	0	0	340I476M594I	OTU99	AB661532.1.1410
N	*	432	*	*	*	*	*	OTU100	*
H	120809	436	92.7	+	0	0	347I436M660I	OTU101	DQ676300.1.1443
H	12799	436	92.2	+	0	0	346I436M696I	OTU101	GQ994777.1.1478
L	20949	1509	*	*	*	*	*	HM243796.1.1509	*
H	20949	436	92.0	+	0	0	378I436M695I	OTU101	HM243796.1.1509
H	80783	436	91.1	+	0	0	378I436M697I	OTU102	KP687206.1.1516
H	12799	436	91.7	+	0	0	346I436M696I	OTU102	GQ994777.1.1478
N	*	474	*	*	*	*	*	OTU103	*
N	*	435	*	*	*	*	*	OTU104	*
H	11891	434	93.8	+	0	0	376I434M697I	OTU105	GQ500715.1.1507
H	89679	434	92.4	+	0	0	356I434M678I	OTU105	AB294344.1.1468
H	126836	434	91.9	+	0	0	375I434M582I	OTU105	EF018499.1.1391
H	4566	478	91.4	+	0	0	340I478M556I	OTU106	FR821522.1.1374
H	14773	478	90.4	+	0	0	311I478M571I	OTU106	GU230601.1.1360
H	85175	228	93.9	+	0	0	555I228M708I	OTU107	KX027318.1.1491
H	56909	228	93.9	+	0	0	556I228M701I	OTU107	AB054007.1.1485
L	2057	1399	*	*	*	*	*	FM998976.1.1399	*
H	2057	228	93.4	+	0	0	448I22MI15MI34MD67MI89M721I	OTU107	FM998976.1.1399
N	*	228	*	*	*	*	*	OTU108	*
N	*	228	*	*	*	*	*	OTU109	*
N	*	228	*	*	*	*	*	OTU110	*
L	35994	1531	*	*	*	*	*	KM018803.1.1531	*
H	35994	226	92.5	+	0	0	598I172MI54M706I	OTU111	KM018803.1.1531
L	76608	1517	*	*	*	*	*	KM019040.1.1517	*
H	76608	226	92.5	+	0	0	598I172MI54M692I	OTU111	KM019040.1.1517
H	25036	226	92.0	+	0	0	577I172MI54M584I	OTU111	HQ163732.1.1388
H	74717	226	96.9	+	0	0	575I226M702I	OTU112	KJ569687.1.1503
L	89898	1344	*	*	*	*	*	AB300106.1.1344	*
H	89898	226	95.6	+	0	0	559I226M559I	OTU112	AB300106.1.1344
L	79792	1526	*	*	*	*	*	KP091105.1.1526	*
H	79792	226	93.4	+	0	0	596I226M704I	OTU112	KP091105.1.1526
H	25036	226	93.4	+	0	0	577I166MI60M584I	OTU113	HQ163732.1.1388
H	111500	226	94.2	+	0	0	560I166MI60M727I	OTU113	EU478647.1.2172
H	132868	226	93.8	+	0	0	541I82MI17MI67MI60M728I	OTU113	EF602038.1.1514
D	2023	2	*	*	*	*	97.3	FM992880.1.1467	*
D	2024	2	*	*	*	*	99.6	FM992882.1.1471	*
D	4566	4	*	*	*	*	94.7	FR821522.1.1374	*
D	7480	2	*	*	*	*	95.3	GQ175285.1.1545	*
D	8354	3	*	*	*	*	91.3	HQ190268.1.1518	*
D	11891	2	*	*	*	*	93.8	GQ500715.1.1507	*
D	12799	3	*	*	*	*	92.9	GQ994777.1.1478	*
D	13824	2	*	*	*	*	90.8	GU145499.1.1519	*
D	14773	2	*	*	*	*	98.9	GU230601.1.1360	*
D	20136	2	*	*	*	*	99.0	EA286903.1.1458	*
D	20472	2	*	*	*	*	93.1	HM187166.1.1462	*
D	24186	2	*	*	*	*	90.4	HQ114187.1.1493	*
D	24465	2	*	*	*	*	94.7	HQ120337.1.1406	*
D	25915	2	*	*	*	*	94.0	HQ330562.1.1395	*
D	31051	3	*	*	*	*	93.7	HQ910315.1.1510	*
D	33383	2	*	*	*	*	90.6	JF241419.1.1384	*
D	38963	2	*	*	*	*	93.1	JN412733.1.1431	*
D	46584	2	*	*	*	*	93.8	JN977341.1.1553	*
D	47637	3	*	*	*	*	93.1	JQ199134.1.1379	*
D	53185	2	*	*	*	*	91.5	JQ817170.1.1480	*
D	56909	3	*	*	*	*	96.9	AB054007.1.1485	*
D	66514	2	*	*	*	*	94.1	AB176696.1.1555	*
D	70493	2	*	*	*	*	98.4	KF712639.1.1508	*
D	71380	2	*	*	*	*	91.4	KF827382.1.1400	*
D	73114	3	*	*	*	*	91.2	KF963730.1.1386	*
D	74717	3	*	*	*	*	93.5	KJ569687.1.1503	*
D	76608	2	*	*	*	*	92.5	KM019040.1.1517	*
D	77352	6	*	*	*	*	92.3	KM205506.1.1472	*
D	78403	2	*	*	*	*	94.3	KM454341.1.1415	*
D	85175	4	*	*	*	*	95.5	KX027318.1.1491	*
D	85576	2	*	*	*	*	99.4	AB264123.1.1434	*
D	85915	2	*	*	*	*	99.4	AB269932.1.1550	*
D	87386	2	*	*	*	*	99.2	AB281489.1.1386	*
D	92077	2	*	*	*	*	94.3	AB524902.1.1495	*
D	92078	2	*	*	*	*	96.0	AB524907.1.1516	*
D	92805	2	*	*	*	*	95.5	GQ356105.1.1478	*
D	94163	2	*	*	*	*	92.6	AB661600.1.1467	*
D	94268	2	*	*	*	*	97.5	AB672177.1.1478	*
D	95523	2	*	*	*	*	90.8	AB754051.1.1470	*
D	99146	2	*	*	*	*	95.2	AF272425.1.1520	*
D	99448	2	*	*	*	*	97.0	HQ843684.1.1499	*
D	99879	2	*	*	*	*	97.4	KF102748.1.1354	*
D	100229	2	*	*	*	*	96.8	FJ208800.1.1406	*
D	101783	4	*	*	*	*	95.0	AJ390449.1.1278	*
D	105148	2	*	*	*	*	91.2	AM936894.1.1379	*
D	106492	4	*	*	*	*	91.3	AY114318.1.1393	*
D	108596	2	*	*	*	*	96.8	AY026313.1.1499	*
D	111500	2	*	*	*	*	94.2	EU478647.1.2172	*
D	120809	2	*	*	*	*	92.7	DQ676300.1.1443	*
D	120868	3	*	*	*	*	92.8	DQ676386.1.1467	*
D	125919	2	*	*	*	*	93.3	DQ837238.1.1461	*
D	126836	2	*	*	*	*	91.7	EF018499.1.1391	*
D	132868	3	*	*	*	*	96.9	EF602038.1.1514	*
D	135917	2	*	*	*	*	93.8	EU133899.1.1370	*
D	160226	2	*	*	*	*	91.7	FJ437848.1.1511	*
D	161122	3	*	*	*	*	94.1	FJ484765.1.1355	*
D	161885	2	*	*	*	*	91.5	FJ535095.1.1502	*
D	164192	2	*	*	*	*	93.9	FJ710633.1.1511	*
D	165418	2	*	*	*	*	94.1	FJ810567.1.1513	*
